# JRE version: OpenJDK Runtime Environment (21.0.9) (build 21.0.9+-14649483-b1163.86)
# Java VM: OpenJDK 64-Bit Server VM (21.0.9+-14649483-b1163.86, mixed mode, tiered, compressed oops, compressed class ptrs, g1 gc, windows-amd64)
GC Precious Log:
 CardTable entry size: 512
 Card Set container configuration: InlinePtr #cards 4 size 8 Array Of Cards #cards 16 size 48 Howl #buckets 8 coarsen threshold 3686 Howl Bitmap #cards 512 size 80 coarsen threshold 460 Card regions per heap region 1 cards per card region 4096
 CPUs: 12 total, 12 available
 Memory: 16067M
 Large Page Support: Disabled
 NUMA Support: Disabled
 Compressed Oops: Enabled (Zero based)
 Heap Region Size: 2M
 Heap Min Capacity: 8M
 Heap Initial Capacity: 252M
 Heap Max Capacity: 4018M
 Pre-touch: Disabled
 Parallel Workers: 10
 Concurrent Workers: 3
 Concurrent Refinement Workers: 10
 Periodic GC: Disabled
Heap:
 garbage-first heap   total 49152K, used 32040K [0x0000000704e00000, 0x0000000800000000)
  region size 2048K, 1 young (2048K), 1 survivors (2048K)
 Metaspace       used 49962K, committed 50240K, reserved 1114112K
  class space    used 5886K, committed 6016K, reserved 1048576K
GC Heap History (20 events):
Event: 1.872 GC heap after
{Heap after GC invocations=2 (full 0):
 garbage-first heap   total 258048K, used 8682K [0x0000000704e00000, 0x0000000800000000)
  region size 2048K, 3 young (6144K), 3 survivors (6144K)
 Metaspace       used 21323K, committed 21504K, reserved 1114112K
  class space    used 2285K, committed 2368K, reserved 1048576K
}
Event: 2.473 GC heap before
{Heap before GC invocations=3 (full 0):
 garbage-first heap   total 34816K, used 33258K [0x0000000704e00000, 0x0000000800000000)
  region size 2048K, 15 young (30720K), 3 survivors (6144K)
 Metaspace       used 25582K, committed 25792K, reserved 1114112K
  class space    used 2818K, committed 2880K, reserved 1048576K
}
Event: 2.485 GC heap after
{Heap after GC invocations=4 (full 0):
 garbage-first heap   total 47104K, used 14638K [0x0000000704e00000, 0x0000000800000000)
  region size 2048K, 6 young (12288K), 6 survivors (12288K)
 Metaspace       used 25582K, committed 25792K, reserved 1114112K
  class space    used 2818K, committed 2880K, reserved 1048576K
}
Event: 2.875 GC heap before
{Heap before GC invocations=4 (full 0):
 garbage-first heap   total 47104K, used 28974K [0x0000000704e00000, 0x0000000800000000)
  region size 2048K, 13 young (26624K), 6 survivors (12288K)
 Metaspace       used 28359K, committed 28672K, reserved 1114112K
  class space    used 3119K, committed 3264K, reserved 1048576K
}
Event: 2.886 GC heap after
{Heap after GC invocations=5 (full 0):
 garbage-first heap   total 47104K, used 16416K [0x0000000704e00000, 0x0000000800000000)
  region size 2048K, 1 young (2048K), 1 survivors (2048K)
 Metaspace       used 28359K, committed 28672K, reserved 1114112K
  class space    used 3119K, committed 3264K, reserved 1048576K
}
Event: 5.036 GC heap before
{Heap before GC invocations=5 (full 0):
 garbage-first heap   total 47104K, used 32800K [0x0000000704e00000, 0x0000000800000000)
  region size 2048K, 10 young (20480K), 1 survivors (2048K)
 Metaspace       used 34308K, committed 34624K, reserved 1114112K
  class space    used 4277K, committed 4416K, reserved 1048576K
}
Event: 5.044 GC heap after
{Heap after GC invocations=6 (full 0):
 garbage-first heap   total 47104K, used 16900K [0x0000000704e00000, 0x0000000800000000)
  region size 2048K, 1 young (2048K), 1 survivors (2048K)
 Metaspace       used 34308K, committed 34624K, reserved 1114112K
  class space    used 4277K, committed 4416K, reserved 1048576K
}
Event: 9.561 GC heap before
{Heap before GC invocations=6 (full 0):
 garbage-first heap   total 47104K, used 29188K [0x0000000704e00000, 0x0000000800000000)
  region size 2048K, 8 young (16384K), 1 survivors (2048K)
 Metaspace       used 35725K, committed 35968K, reserved 1114112K
  class space    used 4423K, committed 4544K, reserved 1048576K
}
Event: 9.581 GC heap after
{Heap after GC invocations=7 (full 0):
 garbage-first heap   total 47104K, used 20311K [0x0000000704e00000, 0x0000000800000000)
  region size 2048K, 2 young (4096K), 2 survivors (4096K)
 Metaspace       used 35725K, committed 35968K, reserved 1114112K
  class space    used 4423K, committed 4544K, reserved 1048576K
}
Event: 12.845 GC heap before
{Heap before GC invocations=8 (full 0):
 garbage-first heap   total 47104K, used 36695K [0x0000000704e00000, 0x0000000800000000)
  region size 2048K, 10 young (20480K), 2 survivors (4096K)
 Metaspace       used 39225K, committed 39488K, reserved 1114112K
  class space    used 4813K, committed 4928K, reserved 1048576K
}
Event: 12.861 GC heap after
{Heap after GC invocations=9 (full 0):
 garbage-first heap   total 47104K, used 21292K [0x0000000704e00000, 0x0000000800000000)
  region size 2048K, 1 young (2048K), 1 survivors (2048K)
 Metaspace       used 39225K, committed 39488K, reserved 1114112K
  class space    used 4813K, committed 4928K, reserved 1048576K
}
Event: 16.774 GC heap before
{Heap before GC invocations=9 (full 0):
 garbage-first heap   total 47104K, used 35628K [0x0000000704e00000, 0x0000000800000000)
  region size 2048K, 9 young (18432K), 1 survivors (2048K)
 Metaspace       used 43838K, committed 44096K, reserved 1114112K
  class space    used 5260K, committed 5376K, reserved 1048576K
}
Event: 16.790 GC heap after
{Heap after GC invocations=10 (full 0):
 garbage-first heap   total 47104K, used 22267K [0x0000000704e00000, 0x0000000800000000)
  region size 2048K, 1 young (2048K), 1 survivors (2048K)
 Metaspace       used 43838K, committed 44096K, reserved 1114112K
  class space    used 5260K, committed 5376K, reserved 1048576K
}
Event: 21.184 GC heap before
{Heap before GC invocations=10 (full 0):
 garbage-first heap   total 47104K, used 36603K [0x0000000704e00000, 0x0000000800000000)
  region size 2048K, 9 young (18432K), 1 survivors (2048K)
 Metaspace       used 48029K, committed 48320K, reserved 1114112K
  class space    used 5709K, committed 5824K, reserved 1048576K
}
Event: 21.196 GC heap after
{Heap after GC invocations=11 (full 0):
 garbage-first heap   total 47104K, used 23313K [0x0000000704e00000, 0x0000000800000000)
  region size 2048K, 2 young (4096K), 2 survivors (4096K)
 Metaspace       used 48029K, committed 48320K, reserved 1114112K
  class space    used 5709K, committed 5824K, reserved 1048576K
}
Event: 24.426 GC heap before
{Heap before GC invocations=11 (full 0):
 garbage-first heap   total 47104K, used 39697K [0x0000000704e00000, 0x0000000800000000)
  region size 2048K, 10 young (20480K), 2 survivors (4096K)
 Metaspace       used 49739K, committed 49920K, reserved 1114112K
  class space    used 5866K, committed 5952K, reserved 1048576K
}
Event: 25.481 GC heap after
{Heap after GC invocations=12 (full 0):
 garbage-first heap   total 49152K, used 26648K [0x0000000704e00000, 0x0000000800000000)
  region size 2048K, 2 young (4096K), 2 survivors (4096K)
 Metaspace       used 49739K, committed 49920K, reserved 1114112K
  class space    used 5866K, committed 5952K, reserved 1048576K
}
Event: 26.257 GC heap before
{Heap before GC invocations=12 (full 0):
 garbage-first heap   total 49152K, used 28696K [0x0000000704e00000, 0x0000000800000000)
  region size 2048K, 3 young (6144K), 2 survivors (4096K)
 Metaspace       used 49934K, committed 50240K, reserved 1114112K
  class space    used 5884K, committed 6016K, reserved 1048576K
}
Event: 26.273 GC heap after
{Heap after GC invocations=13 (full 0):
 garbage-first heap   total 49152K, used 27327K [0x0000000704e00000, 0x0000000800000000)
  region size 2048K, 1 young (2048K), 1 survivors (2048K)
 Metaspace       used 49934K, committed 50240K, reserved 1114112K
  class space    used 5884K, committed 6016K, reserved 1048576K
}
Event: 26.995 GC heap before
{Heap before GC invocations=14 (full 0):
 garbage-first heap   total 49152K, used 39615K [0x0000000704e00000, 0x0000000800000000)
  region size 2048K, 7 young (14336K), 1 survivors (2048K)
 Metaspace       used 49962K, committed 50240K, reserved 1114112K
  class space    used 5886K, committed 6016K, reserved 1048576K
}

