# JRE version: OpenJDK Runtime Environment (21.0.9) (build 21.0.9+-14649483-b1163.86)
# Java VM: OpenJDK 64-Bit Server VM (21.0.9+-14649483-b1163.86, mixed mode, tiered, compressed oops, compressed class ptrs, g1 gc, windows-amd64)
GC Precious Log:
 CardTable entry size: 512
 Card Set container configuration: InlinePtr #cards 4 size 8 Array Of Cards #cards 16 size 48 Howl #buckets 8 coarsen threshold 3686 Howl Bitmap #cards 512 size 80 coarsen threshold 460 Card regions per heap region 1 cards per card region 4096
 CPUs: 12 total, 12 available
 Memory: 16067M
 Large Page Support: Disabled
 NUMA Support: Disabled
 Compressed Oops: Enabled (Zero based)
 Heap Region Size: 2M
 Heap Min Capacity: 8M
 Heap Initial Capacity: 252M
 Heap Max Capacity: 4018M
 Pre-touch: Disabled
 Parallel Workers: 10
 Concurrent Workers: 3
 Concurrent Refinement Workers: 10
 Periodic GC: Disabled
Heap:
 garbage-first heap   total 188416K, used 134730K [0x0000000704e00000, 0x0000000800000000)
  region size 2048K, 23 young (47104K), 2 survivors (4096K)
 Metaspace       used 81937K, committed 82304K, reserved 1179648K
  class space    used 9032K, committed 9216K, reserved 1048576K
GC Heap History (20 events):
Event: 2.853 GC heap before
{Heap before GC invocations=6 (full 0):
 garbage-first heap   total 47104K, used 28899K [0x0000000704e00000, 0x0000000800000000)
  region size 2048K, 8 young (16384K), 1 survivors (2048K)
 Metaspace       used 35766K, committed 35968K, reserved 1114112K
  class space    used 4460K, committed 4544K, reserved 1048576K
}
Event: 2.860 GC heap after
{Heap after GC invocations=7 (full 0):
 garbage-first heap   total 47104K, used 19927K [0x0000000704e00000, 0x0000000800000000)
  region size 2048K, 2 young (4096K), 2 survivors (4096K)
 Metaspace       used 35766K, committed 35968K, reserved 1114112K
  class space    used 4460K, committed 4544K, reserved 1048576K
}
Event: 3.122 GC heap before
{Heap before GC invocations=8 (full 0):
 garbage-first heap   total 47104K, used 36311K [0x0000000704e00000, 0x0000000800000000)
  region size 2048K, 10 young (20480K), 2 survivors (4096K)
 Metaspace       used 39395K, committed 39616K, reserved 1114112K
  class space    used 4831K, committed 4928K, reserved 1048576K
}
Event: 3.130 GC heap after
{Heap after GC invocations=9 (full 0):
 garbage-first heap   total 47104K, used 21124K [0x0000000704e00000, 0x0000000800000000)
  region size 2048K, 1 young (2048K), 1 survivors (2048K)
 Metaspace       used 39395K, committed 39616K, reserved 1114112K
  class space    used 4831K, committed 4928K, reserved 1048576K
}
Event: 3.628 GC heap before
{Heap before GC invocations=9 (full 0):
 garbage-first heap   total 47104K, used 37508K [0x0000000704e00000, 0x0000000800000000)
  region size 2048K, 9 young (18432K), 1 survivors (2048K)
 Metaspace       used 44283K, committed 44544K, reserved 1114112K
  class space    used 5316K, committed 5440K, reserved 1048576K
}
Event: 3.632 GC heap after
{Heap after GC invocations=10 (full 0):
 garbage-first heap   total 153600K, used 21818K [0x0000000704e00000, 0x0000000800000000)
  region size 2048K, 1 young (2048K), 1 survivors (2048K)
 Metaspace       used 44283K, committed 44544K, reserved 1114112K
  class space    used 5316K, committed 5440K, reserved 1048576K
}
Event: 5.174 GC heap before
{Heap before GC invocations=10 (full 0):
 garbage-first heap   total 153600K, used 109882K [0x0000000704e00000, 0x0000000800000000)
  region size 2048K, 45 young (92160K), 1 survivors (2048K)
 Metaspace       used 53372K, committed 53632K, reserved 1114112K
  class space    used 6247K, committed 6336K, reserved 1048576K
}
Event: 5.207 GC heap after
{Heap after GC invocations=11 (full 0):
 garbage-first heap   total 153600K, used 43008K [0x0000000704e00000, 0x0000000800000000)
  region size 2048K, 6 young (12288K), 6 survivors (12288K)
 Metaspace       used 53372K, committed 53632K, reserved 1114112K
  class space    used 6247K, committed 6336K, reserved 1048576K
}
Event: 6.322 GC heap before
{Heap before GC invocations=11 (full 0):
 garbage-first heap   total 153600K, used 96256K [0x0000000704e00000, 0x0000000800000000)
  region size 2048K, 32 young (65536K), 6 survivors (12288K)
 Metaspace       used 56990K, committed 57280K, reserved 1114112K
  class space    used 6674K, committed 6784K, reserved 1048576K
}
Event: 6.355 GC heap after
{Heap after GC invocations=12 (full 0):
 garbage-first heap   total 153600K, used 57131K [0x0000000704e00000, 0x0000000800000000)
  region size 2048K, 4 young (8192K), 4 survivors (8192K)
 Metaspace       used 56990K, committed 57280K, reserved 1114112K
  class space    used 6674K, committed 6784K, reserved 1048576K
}
Event: 7.177 GC heap before
{Heap before GC invocations=12 (full 0):
 garbage-first heap   total 153600K, used 83755K [0x0000000704e00000, 0x0000000800000000)
  region size 2048K, 18 young (36864K), 4 survivors (8192K)
 Metaspace       used 59895K, committed 60160K, reserved 1114112K
  class space    used 6896K, committed 6976K, reserved 1048576K
}
Event: 7.195 GC heap after
{Heap after GC invocations=13 (full 0):
 garbage-first heap   total 153600K, used 64973K [0x0000000704e00000, 0x0000000800000000)
  region size 2048K, 3 young (6144K), 3 survivors (6144K)
 Metaspace       used 59895K, committed 60160K, reserved 1114112K
  class space    used 6896K, committed 6976K, reserved 1048576K
}
Event: 8.214 GC heap before
{Heap before GC invocations=14 (full 0):
 garbage-first heap   total 153600K, used 114125K [0x0000000704e00000, 0x0000000800000000)
  region size 2048K, 27 young (55296K), 3 survivors (6144K)
 Metaspace       used 61750K, committed 62080K, reserved 1114112K
  class space    used 7083K, committed 7232K, reserved 1048576K
}
Event: 8.252 GC heap after
{Heap after GC invocations=15 (full 0):
 garbage-first heap   total 153600K, used 73591K [0x0000000704e00000, 0x0000000800000000)
  region size 2048K, 4 young (8192K), 4 survivors (8192K)
 Metaspace       used 61750K, committed 62080K, reserved 1114112K
  class space    used 7083K, committed 7232K, reserved 1048576K
}
Event: 9.314 GC heap before
{Heap before GC invocations=15 (full 0):
 garbage-first heap   total 153600K, used 120695K [0x0000000704e00000, 0x0000000800000000)
  region size 2048K, 28 young (57344K), 4 survivors (8192K)
 Metaspace       used 68312K, committed 68672K, reserved 1114112K
  class space    used 7684K, committed 7872K, reserved 1048576K
}
Event: 9.336 GC heap after
{Heap after GC invocations=16 (full 0):
 garbage-first heap   total 153600K, used 80292K [0x0000000704e00000, 0x0000000800000000)
  region size 2048K, 4 young (8192K), 4 survivors (8192K)
 Metaspace       used 68312K, committed 68672K, reserved 1114112K
  class space    used 7684K, committed 7872K, reserved 1048576K
}
Event: 9.909 GC heap before
{Heap before GC invocations=16 (full 0):
 garbage-first heap   total 153600K, used 125348K [0x0000000704e00000, 0x0000000800000000)
  region size 2048K, 26 young (53248K), 4 survivors (8192K)
 Metaspace       used 69197K, committed 69568K, reserved 1114112K
  class space    used 7742K, committed 7936K, reserved 1048576K
}
Event: 9.933 GC heap after
{Heap after GC invocations=17 (full 0):
 garbage-first heap   total 188416K, used 89101K [0x0000000704e00000, 0x0000000800000000)
  region size 2048K, 4 young (8192K), 4 survivors (8192K)
 Metaspace       used 69197K, committed 69568K, reserved 1114112K
  class space    used 7742K, committed 7936K, reserved 1048576K
}
Event: 11.291 GC heap before
{Heap before GC invocations=18 (full 0):
 garbage-first heap   total 188416K, used 148493K [0x0000000704e00000, 0x0000000800000000)
  region size 2048K, 33 young (67584K), 4 survivors (8192K)
 Metaspace       used 75698K, committed 76096K, reserved 1179648K
  class space    used 8424K, committed 8640K, reserved 1048576K
}
Event: 11.304 GC heap after
{Heap after GC invocations=19 (full 0):
 garbage-first heap   total 188416K, used 93770K [0x0000000704e00000, 0x0000000800000000)
  region size 2048K, 2 young (4096K), 2 survivors (4096K)
 Metaspace       used 75698K, committed 76096K, reserved 1179648K
  class space    used 8424K, committed 8640K, reserved 1048576K
}

