# JRE version: OpenJDK Runtime Environment (21.0.9) (build 21.0.9+-14649483-b1163.86)
# Java VM: OpenJDK 64-Bit Server VM (21.0.9+-14649483-b1163.86, mixed mode, tiered, compressed oops, compressed class ptrs, g1 gc, windows-amd64)
GC Precious Log:
 CardTable entry size: 512
 Card Set container configuration: InlinePtr #cards 5 size 8 Array Of Cards #cards 12 size 40 Howl #buckets 4 coarsen threshold 1843 Howl Bitmap #cards 512 size 80 coarsen threshold 460 Card regions per heap region 1 cards per card region 2048
 CPUs: 12 total, 12 available
 Memory: 16067M
 Large Page Support: Disabled
 NUMA Support: Disabled
 Compressed Oops: Enabled (32-bit)
 Heap Region Size: 1M
 Heap Min Capacity: 8M
 Heap Initial Capacity: 252M
 Heap Max Capacity: 2G
 Pre-touch: Disabled
 Parallel Workers: 10
 Concurrent Workers: 3
 Concurrent Refinement Workers: 10
 Periodic GC: Disabled
Heap:
 garbage-first heap   total 427008K, used 291670K [0x0000000080000000, 0x0000000100000000)
  region size 1024K, 140 young (143360K), 16 survivors (16384K)
 Metaspace       used 122982K, committed 124480K, reserved 1179648K
  class space    used 16925K, committed 17664K, reserved 1048576K
GC Heap History (20 events):
Event: 1724.946 GC heap before
{Heap before GC invocations=55 (full 0):
 garbage-first heap   total 406528K, used 359318K [0x0000000080000000, 0x0000000100000000)
  region size 1024K, 238 young (243712K), 16 survivors (16384K)
 Metaspace       used 115092K, committed 117440K, reserved 1179648K
  class space    used 16325K, committed 17472K, reserved 1048576K
}
Event: 1724.965 GC heap after
{Heap after GC invocations=56 (full 0):
 garbage-first heap   total 406528K, used 131996K [0x0000000080000000, 0x0000000100000000)
  region size 1024K, 16 young (16384K), 16 survivors (16384K)
 Metaspace       used 115092K, committed 117440K, reserved 1179648K
  class space    used 16325K, committed 17472K, reserved 1048576K
}
Event: 1726.287 GC heap before
{Heap before GC invocations=56 (full 0):
 garbage-first heap   total 406528K, used 359324K [0x0000000080000000, 0x0000000100000000)
  region size 1024K, 238 young (243712K), 16 survivors (16384K)
 Metaspace       used 115109K, committed 117440K, reserved 1179648K
  class space    used 16326K, committed 17472K, reserved 1048576K
}
Event: 1726.310 GC heap after
{Heap after GC invocations=57 (full 0):
 garbage-first heap   total 406528K, used 131401K [0x0000000080000000, 0x0000000100000000)
  region size 1024K, 16 young (16384K), 16 survivors (16384K)
 Metaspace       used 115109K, committed 117440K, reserved 1179648K
  class space    used 16326K, committed 17472K, reserved 1048576K
}
Event: 1727.225 GC heap before
{Heap before GC invocations=57 (full 0):
 garbage-first heap   total 406528K, used 358729K [0x0000000080000000, 0x0000000100000000)
  region size 1024K, 238 young (243712K), 16 survivors (16384K)
 Metaspace       used 115143K, committed 117440K, reserved 1179648K
  class space    used 16326K, committed 17472K, reserved 1048576K
}
Event: 1727.246 GC heap after
{Heap after GC invocations=58 (full 0):
 garbage-first heap   total 406528K, used 131248K [0x0000000080000000, 0x0000000100000000)
  region size 1024K, 16 young (16384K), 16 survivors (16384K)
 Metaspace       used 115143K, committed 117440K, reserved 1179648K
  class space    used 16326K, committed 17472K, reserved 1048576K
}
Event: 1885.022 GC heap before
{Heap before GC invocations=59 (full 0):
 garbage-first heap   total 406528K, used 358576K [0x0000000080000000, 0x0000000100000000)
  region size 1024K, 238 young (243712K), 16 survivors (16384K)
 Metaspace       used 115146K, committed 117440K, reserved 1179648K
  class space    used 16326K, committed 17472K, reserved 1048576K
}
Event: 1885.032 GC heap after
{Heap after GC invocations=60 (full 0):
 garbage-first heap   total 406528K, used 130667K [0x0000000080000000, 0x0000000100000000)
  region size 1024K, 16 young (16384K), 16 survivors (16384K)
 Metaspace       used 115146K, committed 117440K, reserved 1179648K
  class space    used 16326K, committed 17472K, reserved 1048576K
}
Event: 1899.431 GC heap before
{Heap before GC invocations=60 (full 0):
 garbage-first heap   total 406528K, used 357995K [0x0000000080000000, 0x0000000100000000)
  region size 1024K, 238 young (243712K), 16 survivors (16384K)
 Metaspace       used 115197K, committed 117568K, reserved 1179648K
  class space    used 16327K, committed 17472K, reserved 1048576K
}
Event: 1899.449 GC heap after
{Heap after GC invocations=61 (full 0):
 garbage-first heap   total 406528K, used 132928K [0x0000000080000000, 0x0000000100000000)
  region size 1024K, 18 young (18432K), 18 survivors (18432K)
 Metaspace       used 115197K, committed 117568K, reserved 1179648K
  class space    used 16327K, committed 17472K, reserved 1048576K
}
Event: 2023.288 GC heap before
{Heap before GC invocations=61 (full 0):
 garbage-first heap   total 406528K, used 358208K [0x0000000080000000, 0x0000000100000000)
  region size 1024K, 238 young (243712K), 18 survivors (18432K)
 Metaspace       used 115662K, committed 118016K, reserved 1179648K
  class space    used 16328K, committed 17472K, reserved 1048576K
}
Event: 2023.344 GC heap after
{Heap after GC invocations=62 (full 0):
 garbage-first heap   total 406528K, used 140248K [0x0000000080000000, 0x0000000100000000)
  region size 1024K, 24 young (24576K), 24 survivors (24576K)
 Metaspace       used 115662K, committed 118016K, reserved 1179648K
  class space    used 16328K, committed 17472K, reserved 1048576K
}
Event: 2594.385 GC heap before
{Heap before GC invocations=63 (full 0):
 garbage-first heap   total 406528K, used 359384K [0x0000000080000000, 0x0000000100000000)
  region size 1024K, 238 young (243712K), 24 survivors (24576K)
 Metaspace       used 112917K, committed 118016K, reserved 1179648K
  class space    used 15636K, committed 17472K, reserved 1048576K
}
Event: 2594.422 GC heap after
{Heap after GC invocations=64 (full 0):
 garbage-first heap   total 406528K, used 140978K [0x0000000080000000, 0x0000000100000000)
  region size 1024K, 11 young (11264K), 11 survivors (11264K)
 Metaspace       used 112917K, committed 118016K, reserved 1179648K
  class space    used 15636K, committed 17472K, reserved 1048576K
}
Event: 2693.871 GC heap before
{Heap before GC invocations=64 (full 0):
 garbage-first heap   total 406528K, used 373426K [0x0000000080000000, 0x0000000100000000)
  region size 1024K, 238 young (243712K), 11 survivors (11264K)
 Metaspace       used 112952K, committed 118016K, reserved 1179648K
  class space    used 15636K, committed 17472K, reserved 1048576K
}
Event: 2693.888 GC heap after
{Heap after GC invocations=65 (full 0):
 garbage-first heap   total 406528K, used 137844K [0x0000000080000000, 0x0000000100000000)
  region size 1024K, 10 young (10240K), 10 survivors (10240K)
 Metaspace       used 112952K, committed 118016K, reserved 1179648K
  class space    used 15636K, committed 17472K, reserved 1048576K
}
Event: 2817.212 GC heap before
{Heap before GC invocations=65 (full 0):
 garbage-first heap   total 406528K, used 348788K [0x0000000080000000, 0x0000000100000000)
  region size 1024K, 218 young (223232K), 10 survivors (10240K)
 Metaspace       used 113529K, committed 118016K, reserved 1179648K
  class space    used 15702K, committed 17472K, reserved 1048576K
}
Event: 2817.239 GC heap after
{Heap after GC invocations=66 (full 0):
 garbage-first heap   total 406528K, used 145412K [0x0000000080000000, 0x0000000100000000)
  region size 1024K, 18 young (18432K), 18 survivors (18432K)
 Metaspace       used 113529K, committed 118016K, reserved 1179648K
  class space    used 15702K, committed 17472K, reserved 1048576K
}
Event: 2823.792 GC heap before
{Heap before GC invocations=67 (full 0):
 garbage-first heap   total 406528K, used 398340K [0x0000000080000000, 0x0000000100000000)
  region size 1024K, 238 young (243712K), 18 survivors (18432K)
 Metaspace       used 121567K, committed 123264K, reserved 1179648K
  class space    used 16637K, committed 17600K, reserved 1048576K
}
Event: 2823.823 GC heap after
{Heap after GC invocations=68 (full 0):
 garbage-first heap   total 427008K, used 148310K [0x0000000080000000, 0x0000000100000000)
  region size 1024K, 16 young (16384K), 16 survivors (16384K)
 Metaspace       used 121567K, committed 123264K, reserved 1179648K
  class space    used 16637K, committed 17600K, reserved 1048576K
}

